2025-05-01 17:04:53,399 - googleapiclient.discovery_cache - INFO - file_cache is only supported with oauth2client<4.0.0
2025-05-01 17:04:53,399 - calendar_integration - INFO - Authenticated with Google Calendar API
2025-05-01 17:04:53,399 - googleapiclient.discovery_cache - INFO - file_cache is only supported with oauth2client<4.0.0
2025-05-01 17:04:53,399 - calendar_integration - INFO - Authenticated with Google Calendar API
2025-05-01 17:04:53,399 - __main__ - INFO - Smart Appointment Scheduler initialized
2025-05-01 17:06:12,460 - googleapiclient.discovery_cache - INFO - file_cache is only supported with oauth2client<4.0.0
2025-05-01 17:06:12,460 - calendar_integration - INFO - Authenticated with Google Calendar API
2025-05-01 17:06:12,476 - googleapiclient.discovery_cache - INFO - file_cache is only supported with oauth2client<4.0.0
2025-05-01 17:06:12,476 - calendar_integration - INFO - Authenticated with Google Calendar API
2025-05-01 17:06:12,476 - __main__ - INFO - Smart Appointment Scheduler initialized
2025-05-01 17:06:12,476 - __main__ - ERROR - Error listing doctors: Doctor.__init__() got an unexpected keyword argument 'created_at'
2025-05-01 17:08:04,798 - googleapiclient.discovery_cache - INFO - file_cache is only supported with oauth2client<4.0.0
2025-05-01 17:08:04,798 - calendar_integration - INFO - Authenticated with Google Calendar API
2025-05-01 17:08:04,798 - googleapiclient.discovery_cache - INFO - file_cache is only supported with oauth2client<4.0.0
2025-05-01 17:08:04,798 - calendar_integration - INFO - Authenticated with Google Calendar API
2025-05-01 17:08:04,798 - __main__ - INFO - Smart Appointment Scheduler initialized
2025-05-01 17:09:24,534 - googleapiclient.discovery_cache - INFO - file_cache is only supported with oauth2client<4.0.0
2025-05-01 17:09:24,534 - calendar_integration - INFO - Authenticated with Google Calendar API
2025-05-01 17:09:24,534 - googleapiclient.discovery_cache - INFO - file_cache is only supported with oauth2client<4.0.0
2025-05-01 17:09:24,534 - calendar_integration - INFO - Authenticated with Google Calendar API
2025-05-01 17:09:24,544 - __main__ - INFO - Smart Appointment Scheduler initialized
2025-05-01 17:09:44,804 - googleapiclient.discovery_cache - INFO - file_cache is only supported with oauth2client<4.0.0
2025-05-01 17:09:44,804 - calendar_integration - INFO - Authenticated with Google Calendar API
2025-05-01 17:09:44,804 - googleapiclient.discovery_cache - INFO - file_cache is only supported with oauth2client<4.0.0
2025-05-01 17:09:44,804 - calendar_integration - INFO - Authenticated with Google Calendar API
2025-05-01 17:09:44,804 - __main__ - INFO - Smart Appointment Scheduler initialized
2025-05-01 17:09:44,804 - scheduler - INFO - Finding optimal slots for routine_checkup appointment between 2025-05-01 17:09:44.804737 and 2025-05-15 17:09:44.804737
2025-05-01 17:10:16,946 - googleapiclient.discovery_cache - INFO - file_cache is only supported with oauth2client<4.0.0
2025-05-01 17:10:16,946 - calendar_integration - INFO - Authenticated with Google Calendar API
2025-05-01 17:10:16,962 - googleapiclient.discovery_cache - INFO - file_cache is only supported with oauth2client<4.0.0
2025-05-01 17:10:16,962 - calendar_integration - INFO - Authenticated with Google Calendar API
2025-05-01 17:10:16,962 - __main__ - INFO - Smart Appointment Scheduler initialized
